2021-01-11 14:24:54,711  INFO [main] nopCommerce:25 - Launching chrome browser
2021-01-11 14:24:57,648  INFO [main] nopCommerce:33 - opening URL 
2021-01-11 14:24:59,809  INFO [main] nopCommerce:39 - Entering credentials
2021-01-11 14:25:00,036  INFO [main] nopCommerce:46 - Clicked on login
2021-01-11 14:25:03,542  INFO [main] nopCommerce:82 - ********* Adding Customer Scenario started  ***************
2021-01-11 14:25:03,543  INFO [main] nopCommerce:84 - ********* Dashboard Display validation ***************
2021-01-11 14:25:27,319  INFO [main] nopCommerce:119 - ********* Providing Customer details ***************
2021-01-11 14:25:43,917  INFO [main] nopCommerce:146 - ********* Add customer validation ***************
2021-01-11 14:25:44,215  INFO [main] nopCommerce:71 - *********Closing application ***************
2021-01-11 14:25:48,164  INFO [main] nopCommerce:25 - Launching chrome browser
2021-01-11 14:25:52,041  INFO [main] nopCommerce:33 - opening URL 
2021-01-11 14:25:54,229  INFO [main] nopCommerce:39 - Entering credentials
2021-01-11 14:25:54,474  INFO [main] nopCommerce:46 - Clicked on login
2021-01-11 14:26:00,645  INFO [main] nopCommerce:82 - ********* Adding Customer Scenario started  ***************
2021-01-11 14:26:00,645  INFO [main] nopCommerce:84 - ********* Dashboard Display validation ***************
2021-01-11 14:26:17,411  INFO [main] nopCommerce:168 - ********* Search customer by email validation ***************
2021-01-11 14:26:17,470  INFO [main] nopCommerce:71 - *********Closing application ***************
2021-01-11 14:26:21,335  INFO [main] nopCommerce:25 - Launching chrome browser
2021-01-11 14:26:22,387  INFO [main] nopCommerce:33 - opening URL 
2021-01-11 14:26:24,566  INFO [main] nopCommerce:39 - Entering credentials
2021-01-11 14:26:24,800  INFO [main] nopCommerce:46 - Clicked on login
2021-01-11 14:26:27,209  INFO [main] nopCommerce:82 - ********* Adding Customer Scenario started  ***************
2021-01-11 14:26:27,209  INFO [main] nopCommerce:84 - ********* Dashboard Display validation ***************
2021-01-11 14:26:38,478  INFO [main] nopCommerce:177 - ********* Search custoemr by Name Scenario started ***************
2021-01-11 14:26:43,698  INFO [main] nopCommerce:71 - *********Closing application ***************
2021-01-11 14:26:47,543  INFO [main] nopCommerce:25 - Launching chrome browser
2021-01-11 14:26:49,639  INFO [main] nopCommerce:33 - opening URL 
2021-01-11 14:26:51,830  INFO [main] nopCommerce:39 - Entering credentials
2021-01-11 14:26:52,098  INFO [main] nopCommerce:46 - Clicked on login
2021-01-11 14:26:54,493  INFO [main] nopCommerce:82 - ********* Adding Customer Scenario started  ***************
2021-01-11 14:26:54,494  INFO [main] nopCommerce:84 - ********* Dashboard Display validation ***************
2021-01-11 14:27:11,029  INFO [main] nopCommerce:198 - ********* Search custoemr by Last Scenario started ***************
2021-01-11 14:27:11,096  INFO [main] nopCommerce:71 - *********Closing application ***************
2021-01-11 14:27:15,156  INFO [main] nopCommerce:25 - Launching chrome browser
2021-01-11 14:27:18,446  INFO [main] nopCommerce:33 - opening URL 
2021-01-11 14:27:20,623  INFO [main] nopCommerce:39 - Entering credentials
2021-01-11 14:27:20,987  INFO [main] nopCommerce:46 - Clicked on login
2021-01-11 14:27:25,890  INFO [main] nopCommerce:56 - *********Login successfull ***************
2021-01-11 14:27:25,899  INFO [main] nopCommerce:64 - *********Logout from application***************
2021-01-11 14:27:33,720  INFO [main] nopCommerce:56 - *********Login successfull ***************
2021-01-11 14:27:33,729  INFO [main] nopCommerce:71 - *********Closing application ***************
2021-01-11 14:27:37,761  INFO [main] nopCommerce:25 - Launching chrome browser
2021-01-11 14:27:41,792  INFO [main] nopCommerce:33 - opening URL 
2021-01-11 14:27:43,992  INFO [main] nopCommerce:39 - Entering credentials
2021-01-11 14:27:44,267  INFO [main] nopCommerce:46 - Clicked on login
2021-01-11 14:27:48,550  INFO [main] nopCommerce:56 - *********Login successfull ***************
2021-01-11 14:27:48,556  INFO [main] nopCommerce:64 - *********Logout from application***************
2021-01-11 14:27:56,312  INFO [main] nopCommerce:56 - *********Login successfull ***************
2021-01-11 14:27:56,321  INFO [main] nopCommerce:71 - *********Closing application ***************
2021-01-11 14:28:00,351  INFO [main] nopCommerce:25 - Launching chrome browser
2021-01-11 14:28:02,071  INFO [main] nopCommerce:33 - opening URL 
2021-01-11 14:28:04,222  INFO [main] nopCommerce:39 - Entering credentials
2021-01-11 14:28:04,494  INFO [main] nopCommerce:46 - Clicked on login
2021-01-11 14:28:05,031  INFO [main] nopCommerce:53 - *********Login Failed ***************
2021-01-11 14:31:12,367  INFO [main] nopCommerce:25 - Launching chrome browser
2021-01-11 14:31:15,621  INFO [main] nopCommerce:33 - opening URL 
2021-01-11 14:31:17,795  INFO [main] nopCommerce:39 - Entering credentials
2021-01-11 14:31:18,002  INFO [main] nopCommerce:46 - Clicked on login
2021-01-11 14:31:23,164  INFO [main] nopCommerce:82 - ********* Adding Customer Scenario started  ***************
2021-01-11 14:31:23,165  INFO [main] nopCommerce:84 - ********* Dashboard Display validation ***************
2021-01-11 14:31:43,585  INFO [main] nopCommerce:119 - ********* Providing Customer details ***************
2021-01-11 14:32:01,460  INFO [main] nopCommerce:146 - ********* Add customer validation ***************
2021-01-11 14:32:01,667  INFO [main] nopCommerce:71 - *********Closing application ***************
2021-01-11 14:32:05,561  INFO [main] nopCommerce:25 - Launching chrome browser
2021-01-11 14:32:08,644  INFO [main] nopCommerce:33 - opening URL 
2021-01-11 14:32:10,826  INFO [main] nopCommerce:39 - Entering credentials
2021-01-11 14:32:11,077  INFO [main] nopCommerce:46 - Clicked on login
2021-01-11 14:32:15,405  INFO [main] nopCommerce:82 - ********* Adding Customer Scenario started  ***************
2021-01-11 14:32:15,406  INFO [main] nopCommerce:84 - ********* Dashboard Display validation ***************
2021-01-11 14:32:32,219  INFO [main] nopCommerce:168 - ********* Search customer by email validation ***************
2021-01-11 14:32:32,276  INFO [main] nopCommerce:71 - *********Closing application ***************
2021-01-11 14:32:36,165  INFO [main] nopCommerce:25 - Launching chrome browser
2021-01-11 14:32:37,723  INFO [main] nopCommerce:33 - opening URL 
2021-01-11 14:32:39,913  INFO [main] nopCommerce:39 - Entering credentials
2021-01-11 14:32:40,143  INFO [main] nopCommerce:46 - Clicked on login
2021-01-11 14:32:43,374  INFO [main] nopCommerce:82 - ********* Adding Customer Scenario started  ***************
2021-01-11 14:32:43,374  INFO [main] nopCommerce:84 - ********* Dashboard Display validation ***************
2021-01-11 14:32:54,754  INFO [main] nopCommerce:177 - ********* Search custoemr by Name Scenario started ***************
2021-01-11 14:32:59,975  INFO [main] nopCommerce:71 - *********Closing application ***************
2021-01-11 14:33:03,792  INFO [main] nopCommerce:25 - Launching chrome browser
2021-01-11 14:33:04,782  INFO [main] nopCommerce:33 - opening URL 
2021-01-11 14:33:06,967  INFO [main] nopCommerce:39 - Entering credentials
2021-01-11 14:33:07,175  INFO [main] nopCommerce:46 - Clicked on login
2021-01-11 14:33:10,401  INFO [main] nopCommerce:82 - ********* Adding Customer Scenario started  ***************
2021-01-11 14:33:10,401  INFO [main] nopCommerce:84 - ********* Dashboard Display validation ***************
2021-01-11 14:33:26,893  INFO [main] nopCommerce:198 - ********* Search custoemr by Last Scenario started ***************
2021-01-11 14:33:26,946  INFO [main] nopCommerce:71 - *********Closing application ***************
2021-01-11 14:33:30,819  INFO [main] nopCommerce:25 - Launching chrome browser
2021-01-11 14:33:33,825  INFO [main] nopCommerce:33 - opening URL 
2021-01-11 14:33:36,004  INFO [main] nopCommerce:39 - Entering credentials
2021-01-11 14:33:36,247  INFO [main] nopCommerce:46 - Clicked on login
2021-01-11 14:33:41,719  INFO [main] nopCommerce:56 - *********Login successfull ***************
2021-01-11 14:33:41,726  INFO [main] nopCommerce:64 - *********Logout from application***************
2021-01-11 14:33:49,363  INFO [main] nopCommerce:56 - *********Login successfull ***************
2021-01-11 14:33:49,370  INFO [main] nopCommerce:71 - *********Closing application ***************
2021-01-11 14:33:53,123  INFO [main] nopCommerce:25 - Launching chrome browser
2021-01-11 14:33:54,014  INFO [main] nopCommerce:33 - opening URL 
2021-01-11 14:33:56,208  INFO [main] nopCommerce:39 - Entering credentials
2021-01-11 14:33:56,442  INFO [main] nopCommerce:46 - Clicked on login
2021-01-11 14:33:59,810  INFO [main] nopCommerce:56 - *********Login successfull ***************
2021-01-11 14:33:59,815  INFO [main] nopCommerce:64 - *********Logout from application***************
2021-01-11 14:34:07,389  INFO [main] nopCommerce:56 - *********Login successfull ***************
2021-01-11 14:34:07,393  INFO [main] nopCommerce:71 - *********Closing application ***************
2021-01-11 14:34:11,303  INFO [main] nopCommerce:25 - Launching chrome browser
2021-01-11 14:34:12,412  INFO [main] nopCommerce:33 - opening URL 
2021-01-11 14:34:14,583  INFO [main] nopCommerce:39 - Entering credentials
2021-01-11 14:34:14,910  INFO [main] nopCommerce:46 - Clicked on login
2021-01-11 14:34:15,699  INFO [main] nopCommerce:53 - *********Login Failed ***************
2021-01-11 15:03:42,587  INFO [main] nopCommerce:42 - Launching  browser
2021-01-11 15:03:46,365  INFO [main] nopCommerce:56 - opening URL 
2021-01-11 15:03:46,383  INFO [main] nopCommerce:62 - Entering credentials
2021-01-11 15:03:46,514  INFO [main] nopCommerce:69 - Clicked on login
2021-01-11 15:03:51,935  INFO [main] nopCommerce:105 - ********* Adding Customer Scenario started  ***************
2021-01-11 15:03:51,937  INFO [main] nopCommerce:107 - ********* Dashboard Display validation ***************
2021-01-11 15:04:12,274  INFO [main] nopCommerce:142 - ********* Providing Customer details ***************
2021-01-11 15:04:18,615  INFO [main] nopCommerce:42 - Launching  browser
2021-01-11 15:04:22,217  INFO [main] nopCommerce:56 - opening URL 
2021-01-11 15:04:22,226  INFO [main] nopCommerce:62 - Entering credentials
2021-01-11 15:04:22,351  INFO [main] nopCommerce:69 - Clicked on login
2021-01-11 15:04:26,761  INFO [main] nopCommerce:105 - ********* Adding Customer Scenario started  ***************
2021-01-11 15:04:26,761  INFO [main] nopCommerce:107 - ********* Dashboard Display validation ***************
2021-01-11 15:04:43,694  INFO [main] nopCommerce:191 - ********* Search customer by email validation ***************
2021-01-11 15:04:43,823  INFO [main] nopCommerce:95 - *********Closing application ***************
2021-01-11 15:04:47,815  INFO [main] nopCommerce:42 - Launching  browser
2021-01-11 15:04:50,433  INFO [main] nopCommerce:56 - opening URL 
2021-01-11 15:04:50,440  INFO [main] nopCommerce:62 - Entering credentials
2021-01-11 15:04:50,568  INFO [main] nopCommerce:69 - Clicked on login
2021-01-11 15:04:55,875  INFO [main] nopCommerce:105 - ********* Adding Customer Scenario started  ***************
2021-01-11 15:04:55,876  INFO [main] nopCommerce:107 - ********* Dashboard Display validation ***************
2021-01-11 15:05:06,842  INFO [main] nopCommerce:200 - ********* Search custoemr by Name Scenario started ***************
2021-01-11 15:05:12,785  INFO [main] nopCommerce:95 - *********Closing application ***************
2021-01-11 15:05:16,924  INFO [main] nopCommerce:42 - Launching  browser
2021-01-11 15:05:20,387  INFO [main] nopCommerce:56 - opening URL 
2021-01-11 15:05:20,404  INFO [main] nopCommerce:62 - Entering credentials
2021-01-11 15:05:20,501  INFO [main] nopCommerce:69 - Clicked on login
2021-01-11 15:05:24,068  INFO [main] nopCommerce:105 - ********* Adding Customer Scenario started  ***************
2021-01-11 15:05:24,068  INFO [main] nopCommerce:107 - ********* Dashboard Display validation ***************
2021-01-11 15:05:28,010  INFO [main] nopCommerce:42 - Launching  browser
2021-01-11 15:05:36,244  INFO [main] nopCommerce:56 - opening URL 
2021-01-11 15:05:41,843  INFO [main] nopCommerce:42 - Launching  browser
2021-01-11 15:05:43,236  INFO [main] nopCommerce:56 - opening URL 
2021-01-11 15:05:43,246  INFO [main] nopCommerce:62 - Entering credentials
2021-01-11 15:05:43,384  INFO [main] nopCommerce:69 - Clicked on login
2021-01-11 15:05:46,521  INFO [main] nopCommerce:105 - ********* Adding Customer Scenario started  ***************
2021-01-11 15:05:46,523  INFO [main] nopCommerce:107 - ********* Dashboard Display validation ***************
2021-01-11 15:06:06,267  INFO [main] nopCommerce:142 - ********* Providing Customer details ***************
2021-01-11 15:06:22,735  INFO [main] nopCommerce:169 - ********* Add customer validation ***************
2021-01-11 15:06:23,300  INFO [main] nopCommerce:95 - *********Closing application ***************
2021-01-11 15:06:27,332  INFO [main] nopCommerce:42 - Launching  browser
2021-01-11 15:06:29,238  INFO [main] nopCommerce:56 - opening URL 
2021-01-11 15:06:29,253  INFO [main] nopCommerce:62 - Entering credentials
2021-01-11 15:06:29,390  INFO [main] nopCommerce:69 - Clicked on login
2021-01-11 15:06:35,084  INFO [main] nopCommerce:105 - ********* Adding Customer Scenario started  ***************
2021-01-11 15:06:35,084  INFO [main] nopCommerce:107 - ********* Dashboard Display validation ***************
2021-01-11 15:06:53,083  INFO [main] nopCommerce:191 - ********* Search customer by email validation ***************
2021-01-11 15:06:53,187  INFO [main] nopCommerce:95 - *********Closing application ***************
2021-01-11 15:06:57,340  INFO [main] nopCommerce:42 - Launching  browser
2021-01-11 15:07:00,667  INFO [main] nopCommerce:56 - opening URL 
2021-01-11 15:07:00,674  INFO [main] nopCommerce:62 - Entering credentials
2021-01-11 15:07:00,782  INFO [main] nopCommerce:69 - Clicked on login
2021-01-11 15:07:06,192  INFO [main] nopCommerce:105 - ********* Adding Customer Scenario started  ***************
2021-01-11 15:07:06,192  INFO [main] nopCommerce:107 - ********* Dashboard Display validation ***************
2021-01-11 15:07:18,217  INFO [main] nopCommerce:200 - ********* Search custoemr by Name Scenario started ***************
2021-01-11 15:07:24,139  INFO [main] nopCommerce:95 - *********Closing application ***************
2021-01-11 15:07:28,238  INFO [main] nopCommerce:42 - Launching  browser
2021-01-11 15:07:30,169  INFO [main] nopCommerce:56 - opening URL 
2021-01-11 15:07:30,177  INFO [main] nopCommerce:62 - Entering credentials
2021-01-11 15:07:30,287  INFO [main] nopCommerce:69 - Clicked on login
2021-01-11 15:07:34,602  INFO [main] nopCommerce:105 - ********* Adding Customer Scenario started  ***************
2021-01-11 15:07:34,602  INFO [main] nopCommerce:107 - ********* Dashboard Display validation ***************
2021-01-11 15:07:51,512  INFO [main] nopCommerce:221 - ********* Search custoemr by Last Scenario started ***************
2021-01-11 15:07:51,618  INFO [main] nopCommerce:95 - *********Closing application ***************
2021-01-11 16:45:51,276  INFO [main] nopCommerce:46 - Launching  browser
2021-01-11 16:45:51,607  INFO [main] nopCommerce:46 - Launching  browser
2021-01-11 16:45:51,621  INFO [main] nopCommerce:46 - Launching  browser
2021-01-11 16:56:33,382  INFO [main] nopCommerce:54 - Launching  browser
2021-01-11 16:56:36,690  INFO [main] nopCommerce:68 - opening URL 
2021-01-11 16:56:38,867  INFO [main] nopCommerce:74 - Entering credentials
2021-01-11 16:56:39,106  INFO [main] nopCommerce:81 - Clicked on login
2021-01-11 16:56:53,575  INFO [main] nopCommerce:92 - *********Login successfull ***************
2021-01-11 16:56:53,584  INFO [main] nopCommerce:100 - *********Logout from application***************
2021-01-11 16:57:00,192  INFO [main] nopCommerce:92 - *********Login successfull ***************
2021-01-11 16:57:00,200  INFO [main] nopCommerce:107 - *********Closing application ***************
2021-01-11 16:57:04,098  INFO [main] nopCommerce:54 - Launching  browser
2021-01-11 16:57:07,137  INFO [main] nopCommerce:68 - opening URL 
2021-01-11 16:57:09,312  INFO [main] nopCommerce:74 - Entering credentials
2021-01-11 16:57:09,542  INFO [main] nopCommerce:81 - Clicked on login
2021-01-11 16:57:23,688  INFO [main] nopCommerce:92 - *********Login successfull ***************
2021-01-11 16:57:23,695  INFO [main] nopCommerce:100 - *********Logout from application***************
2021-01-11 16:57:31,357  INFO [main] nopCommerce:92 - *********Login successfull ***************
2021-01-11 16:57:31,367  INFO [main] nopCommerce:107 - *********Closing application ***************
2021-01-11 16:57:35,315  INFO [main] nopCommerce:54 - Launching  browser
2021-01-11 16:57:39,082  INFO [main] nopCommerce:68 - opening URL 
2021-01-11 16:57:41,250  INFO [main] nopCommerce:74 - Entering credentials
2021-01-11 16:57:41,484  INFO [main] nopCommerce:81 - Clicked on login
2021-01-11 16:57:43,056  INFO [main] nopCommerce:88 - *********Login Failed ***************
2021-01-11 16:58:16,031  INFO [main] nopCommerce:54 - Launching  browser
2021-01-11 16:58:17,288  INFO [main] nopCommerce:68 - opening URL 
2021-01-11 16:58:19,475  INFO [main] nopCommerce:74 - Entering credentials
2021-01-11 16:58:19,712  INFO [main] nopCommerce:81 - Clicked on login
2021-01-11 16:58:21,816  INFO [main] nopCommerce:92 - *********Login successfull ***************
2021-01-11 16:58:21,825  INFO [main] nopCommerce:100 - *********Logout from application***************
2021-01-11 16:58:29,495  INFO [main] nopCommerce:92 - *********Login successfull ***************
2021-01-11 16:58:29,504  INFO [main] nopCommerce:107 - *********Closing application ***************
2021-01-11 16:58:33,388  INFO [main] nopCommerce:54 - Launching  browser
2021-01-11 16:58:36,355  INFO [main] nopCommerce:68 - opening URL 
2021-01-11 16:58:38,511  INFO [main] nopCommerce:74 - Entering credentials
2021-01-11 16:58:38,746  INFO [main] nopCommerce:81 - Clicked on login
2021-01-11 16:58:42,974  INFO [main] nopCommerce:92 - *********Login successfull ***************
2021-01-11 16:58:42,981  INFO [main] nopCommerce:100 - *********Logout from application***************
2021-01-11 16:58:50,984  INFO [main] nopCommerce:92 - *********Login successfull ***************
2021-01-11 16:58:50,991  INFO [main] nopCommerce:107 - *********Closing application ***************
2021-01-11 16:58:54,985  INFO [main] nopCommerce:54 - Launching  browser
2021-01-11 16:58:56,006  INFO [main] nopCommerce:68 - opening URL 
2021-01-11 16:58:58,178  INFO [main] nopCommerce:74 - Entering credentials
2021-01-11 16:58:58,418  INFO [main] nopCommerce:81 - Clicked on login
2021-01-11 16:58:58,941  INFO [main] nopCommerce:88 - *********Login Failed ***************
2021-01-11 17:11:30,446  INFO [main] nopCommerce:54 - Launching  browser
2021-01-11 17:11:34,212  INFO [main] nopCommerce:68 - opening URL 
2021-01-11 17:11:36,427  INFO [main] nopCommerce:74 - Entering credentials
2021-01-11 17:11:36,797  INFO [main] nopCommerce:81 - Clicked on login
2021-01-11 17:11:46,273  INFO [main] nopCommerce:117 - ********* Adding Customer Scenario started  ***************
2021-01-11 17:11:46,276  INFO [main] nopCommerce:119 - ********* Dashboard Display validation ***************
2021-01-11 17:12:12,558  INFO [main] nopCommerce:154 - ********* Providing Customer details ***************
2021-01-11 17:12:32,894  INFO [main] nopCommerce:181 - ********* Add customer validation ***************
2021-01-11 17:12:33,019  INFO [main] nopCommerce:107 - *********Closing application ***************
2021-01-11 17:12:37,005  INFO [main] nopCommerce:54 - Launching  browser
2021-01-11 17:12:39,052  INFO [main] nopCommerce:68 - opening URL 
2021-01-11 17:12:41,224  INFO [main] nopCommerce:74 - Entering credentials
2021-01-11 17:12:41,451  INFO [main] nopCommerce:81 - Clicked on login
2021-01-11 17:12:44,751  INFO [main] nopCommerce:92 - *********Login successfull ***************
2021-01-11 17:12:44,759  INFO [main] nopCommerce:100 - *********Logout from application***************
2021-01-11 17:12:53,460  INFO [main] nopCommerce:92 - *********Login successfull ***************
2021-01-11 17:12:53,467  INFO [main] nopCommerce:107 - *********Closing application ***************
2021-01-11 17:14:10,608  INFO [main] nopCommerce:54 - Launching  browser
2021-01-11 17:14:19,914  INFO [main] nopCommerce:68 - opening URL 
2021-01-11 17:14:22,269  INFO [main] nopCommerce:74 - Entering credentials
2021-01-11 17:14:22,543  INFO [main] nopCommerce:81 - Clicked on login
2021-01-11 17:14:42,187  INFO [main] nopCommerce:117 - ********* Adding Customer Scenario started  ***************
2021-01-11 17:14:42,190  INFO [main] nopCommerce:119 - ********* Dashboard Display validation ***************
2021-01-11 17:15:27,339  INFO [main] nopCommerce:54 - Launching  browser
2021-01-11 17:15:29,944  INFO [main] nopCommerce:68 - opening URL 
2021-01-11 17:15:32,180  INFO [main] nopCommerce:74 - Entering credentials
2021-01-11 17:15:32,538  INFO [main] nopCommerce:81 - Clicked on login
2021-01-11 17:15:35,719  INFO [main] nopCommerce:117 - ********* Adding Customer Scenario started  ***************
2021-01-11 17:15:35,719  INFO [main] nopCommerce:119 - ********* Dashboard Display validation ***************
2021-01-11 17:15:49,460  INFO [main] nopCommerce:212 - ********* Search custoemr by Name Scenario started ***************
2021-01-11 17:15:52,872  INFO [main] nopCommerce:54 - Launching  browser
2021-01-11 17:15:56,002  INFO [main] nopCommerce:68 - opening URL 
2021-01-11 17:15:58,255  INFO [main] nopCommerce:74 - Entering credentials
2021-01-11 17:15:58,687  INFO [main] nopCommerce:81 - Clicked on login
2021-01-11 17:16:03,571  INFO [main] nopCommerce:117 - ********* Adding Customer Scenario started  ***************
2021-01-11 17:16:03,571  INFO [main] nopCommerce:119 - ********* Dashboard Display validation ***************
2021-01-11 17:16:20,811  INFO [main] nopCommerce:54 - Launching  browser
2021-01-11 17:16:24,272  INFO [main] nopCommerce:68 - opening URL 
2021-01-11 17:16:26,869  INFO [main] nopCommerce:74 - Entering credentials
2021-01-11 17:16:27,177  INFO [main] nopCommerce:81 - Clicked on login
2021-01-11 17:16:32,051  INFO [main] nopCommerce:92 - *********Login successfull ***************
2021-01-11 17:16:32,227  INFO [main] nopCommerce:100 - *********Logout from application***************
2021-01-11 17:16:39,137  INFO [main] nopCommerce:92 - *********Login successfull ***************
2021-01-11 17:16:39,188  INFO [main] nopCommerce:107 - *********Closing application ***************
2021-01-11 17:16:44,147  INFO [main] nopCommerce:54 - Launching  browser
2021-01-11 17:16:45,268  INFO [main] nopCommerce:68 - opening URL 
2021-01-11 17:16:47,443  INFO [main] nopCommerce:74 - Entering credentials
2021-01-11 17:16:48,201  INFO [main] nopCommerce:81 - Clicked on login
2021-01-11 17:16:48,825  INFO [main] nopCommerce:88 - *********Login Failed ***************
2021-01-11 17:19:34,697  INFO [main] nopCommerce:54 - Launching  browser
2021-01-11 17:19:38,070  INFO [main] nopCommerce:68 - opening URL 
2021-01-11 17:19:40,266  INFO [main] nopCommerce:74 - Entering credentials
2021-01-11 17:19:40,609  INFO [main] nopCommerce:81 - Clicked on login
2021-01-11 17:19:45,793  INFO [main] nopCommerce:117 - ********* Adding Customer Scenario started  ***************
2021-01-11 17:19:45,798  INFO [main] nopCommerce:119 - ********* Dashboard Display validation ***************
2021-01-11 17:20:06,635  INFO [main] nopCommerce:154 - ********* Providing Customer details ***************
2021-01-11 17:20:25,065  INFO [main] nopCommerce:181 - ********* Add customer validation ***************
2021-01-11 17:20:25,485  INFO [main] nopCommerce:107 - *********Closing application ***************
2021-01-11 17:20:29,715  INFO [main] nopCommerce:54 - Launching  browser
2021-01-11 17:20:31,980  INFO [main] nopCommerce:68 - opening URL 
2021-01-11 17:20:34,193  INFO [main] nopCommerce:74 - Entering credentials
2021-01-11 17:20:34,712  INFO [main] nopCommerce:81 - Clicked on login
2021-01-11 17:20:37,636  INFO [main] nopCommerce:117 - ********* Adding Customer Scenario started  ***************
2021-01-11 17:20:37,637  INFO [main] nopCommerce:119 - ********* Dashboard Display validation ***************
2021-01-11 17:20:54,456  INFO [main] nopCommerce:203 - ********* Search customer by email validation ***************
2021-01-11 17:20:54,508  INFO [main] nopCommerce:107 - *********Closing application ***************
2021-01-11 17:20:58,498  INFO [main] nopCommerce:54 - Launching  browser
2021-01-11 17:21:02,070  INFO [main] nopCommerce:68 - opening URL 
2021-01-11 17:21:04,248  INFO [main] nopCommerce:74 - Entering credentials
2021-01-11 17:21:04,540  INFO [main] nopCommerce:81 - Clicked on login
2021-01-11 17:21:09,192  INFO [main] nopCommerce:117 - ********* Adding Customer Scenario started  ***************
2021-01-11 17:21:09,193  INFO [main] nopCommerce:119 - ********* Dashboard Display validation ***************
2021-01-11 17:21:21,102  INFO [main] nopCommerce:212 - ********* Search custoemr by Name Scenario started ***************
2021-01-11 17:21:26,682  INFO [main] nopCommerce:107 - *********Closing application ***************
2021-01-11 17:21:31,063  INFO [main] nopCommerce:54 - Launching  browser
2021-01-11 17:21:34,327  INFO [main] nopCommerce:68 - opening URL 
2021-01-11 17:21:36,501  INFO [main] nopCommerce:74 - Entering credentials
2021-01-11 17:21:36,821  INFO [main] nopCommerce:81 - Clicked on login
2021-01-11 17:21:43,492  INFO [main] nopCommerce:117 - ********* Adding Customer Scenario started  ***************
2021-01-11 17:21:43,492  INFO [main] nopCommerce:119 - ********* Dashboard Display validation ***************
2021-01-11 17:22:01,260  INFO [main] nopCommerce:233 - ********* Search custoemr by Last Scenario started ***************
2021-01-11 17:22:01,339  INFO [main] nopCommerce:107 - *********Closing application ***************
2021-01-11 17:22:05,321  INFO [main] nopCommerce:54 - Launching  browser
2021-01-11 17:22:07,350  INFO [main] nopCommerce:68 - opening URL 
2021-01-11 17:22:09,536  INFO [main] nopCommerce:74 - Entering credentials
2021-01-11 17:22:09,789  INFO [main] nopCommerce:81 - Clicked on login
2021-01-11 17:22:13,526  INFO [main] nopCommerce:92 - *********Login successfull ***************
2021-01-11 17:22:13,565  INFO [main] nopCommerce:100 - *********Logout from application***************
2021-01-11 17:22:20,479  INFO [main] nopCommerce:92 - *********Login successfull ***************
2021-01-11 17:22:20,485  INFO [main] nopCommerce:107 - *********Closing application ***************
2021-01-11 17:22:24,451  INFO [main] nopCommerce:54 - Launching  browser
2021-01-11 17:22:25,701  INFO [main] nopCommerce:68 - opening URL 
2021-01-11 17:22:27,889  INFO [main] nopCommerce:74 - Entering credentials
2021-01-11 17:22:28,286  INFO [main] nopCommerce:81 - Clicked on login
2021-01-11 17:22:32,309  INFO [main] nopCommerce:92 - *********Login successfull ***************
2021-01-11 17:22:32,324  INFO [main] nopCommerce:100 - *********Logout from application***************
2021-01-11 17:22:39,395  INFO [main] nopCommerce:92 - *********Login successfull ***************
2021-01-11 17:22:39,427  INFO [main] nopCommerce:107 - *********Closing application ***************
2021-01-11 17:22:44,154  INFO [main] nopCommerce:54 - Launching  browser
2021-01-11 17:22:46,090  INFO [main] nopCommerce:68 - opening URL 
2021-01-11 17:22:48,345  INFO [main] nopCommerce:74 - Entering credentials
2021-01-11 17:22:48,736  INFO [main] nopCommerce:81 - Clicked on login
2021-01-11 17:22:49,363  INFO [main] nopCommerce:88 - *********Login Failed ***************
2021-01-12 13:30:12,794  INFO [main] nopCommerce:49 - Launching  browser
2021-01-12 13:30:16,886  INFO [main] nopCommerce:63 - opening URL 
2021-01-12 13:30:19,119  INFO [main] nopCommerce:69 - Entering credentials
2021-01-12 13:30:19,440  INFO [main] nopCommerce:76 - Clicked on login
2021-01-12 13:30:22,688  INFO [main] nopCommerce:112 - ********* Adding Customer Scenario started  ***************
2021-01-12 13:30:22,691  INFO [main] nopCommerce:114 - ********* Dashboard Display validation ***************
2021-01-12 13:30:45,744  INFO [main] nopCommerce:149 - ********* Providing Customer details ***************
2021-01-12 13:31:02,619  INFO [main] nopCommerce:176 - ********* Add customer validation ***************
2021-01-12 13:31:02,813  INFO [main] nopCommerce:102 - *********Closing application ***************
2021-01-12 13:31:06,660  INFO [main] nopCommerce:49 - Launching  browser
2021-01-12 13:31:10,231  INFO [main] nopCommerce:63 - opening URL 
2021-01-12 13:31:12,404  INFO [main] nopCommerce:69 - Entering credentials
2021-01-12 13:31:12,714  INFO [main] nopCommerce:76 - Clicked on login
2021-01-12 13:31:18,399  INFO [main] nopCommerce:87 - *********Login successfull ***************
2021-01-12 13:31:18,410  INFO [main] nopCommerce:95 - *********Logout from application***************
2021-01-12 13:31:27,464  INFO [main] nopCommerce:87 - *********Login successfull ***************
2021-01-12 13:31:27,471  INFO [main] nopCommerce:102 - *********Closing application ***************
2021-01-12 13:31:58,200  INFO [main] nopCommerce:49 - Launching  browser
2021-01-12 13:32:02,014  INFO [main] nopCommerce:63 - opening URL 
2021-01-12 13:32:04,230  INFO [main] nopCommerce:69 - Entering credentials
2021-01-12 13:32:04,512  INFO [main] nopCommerce:76 - Clicked on login
2021-01-12 13:32:10,798  INFO [main] nopCommerce:112 - ********* Adding Customer Scenario started  ***************
2021-01-12 13:32:10,801  INFO [main] nopCommerce:114 - ********* Dashboard Display validation ***************
2021-01-12 13:32:34,507  INFO [main] nopCommerce:149 - ********* Providing Customer details ***************
2021-01-12 13:32:51,417  INFO [main] nopCommerce:176 - ********* Add customer validation ***************
2021-01-12 13:32:51,693  INFO [main] nopCommerce:102 - *********Closing application ***************
2021-01-12 13:32:55,534  INFO [main] nopCommerce:49 - Launching  browser
2021-01-12 13:32:56,469  INFO [main] nopCommerce:63 - opening URL 
2021-01-12 13:32:58,644  INFO [main] nopCommerce:69 - Entering credentials
2021-01-12 13:32:58,879  INFO [main] nopCommerce:76 - Clicked on login
2021-01-12 13:33:03,729  INFO [main] nopCommerce:112 - ********* Adding Customer Scenario started  ***************
2021-01-12 13:33:03,730  INFO [main] nopCommerce:114 - ********* Dashboard Display validation ***************
2021-01-12 13:33:22,668  INFO [main] nopCommerce:198 - ********* Search customer by email validation ***************
2021-01-12 13:33:22,736  INFO [main] nopCommerce:102 - *********Closing application ***************
2021-01-12 13:33:26,915  INFO [main] nopCommerce:49 - Launching  browser
2021-01-12 13:33:28,151  INFO [main] nopCommerce:63 - opening URL 
2021-01-12 13:33:30,357  INFO [main] nopCommerce:69 - Entering credentials
2021-01-12 13:33:30,625  INFO [main] nopCommerce:76 - Clicked on login
2021-01-12 13:33:33,001  INFO [main] nopCommerce:112 - ********* Adding Customer Scenario started  ***************
2021-01-12 13:33:33,007  INFO [main] nopCommerce:114 - ********* Dashboard Display validation ***************
2021-01-12 13:33:45,513  INFO [main] nopCommerce:207 - ********* Search custoemr by Name Scenario started ***************
2021-01-12 13:33:50,749  INFO [main] nopCommerce:102 - *********Closing application ***************
2021-01-12 13:33:54,651  INFO [main] nopCommerce:49 - Launching  browser
2021-01-12 13:33:55,532  INFO [main] nopCommerce:63 - opening URL 
2021-01-12 13:33:57,707  INFO [main] nopCommerce:69 - Entering credentials
2021-01-12 13:33:58,194  INFO [main] nopCommerce:76 - Clicked on login
2021-01-12 13:34:02,728  INFO [main] nopCommerce:112 - ********* Adding Customer Scenario started  ***************
2021-01-12 13:34:02,729  INFO [main] nopCommerce:114 - ********* Dashboard Display validation ***************
2021-01-12 13:34:20,463  INFO [main] nopCommerce:228 - ********* Search custoemr by Last Scenario started ***************
2021-01-12 13:34:20,532  INFO [main] nopCommerce:102 - *********Closing application ***************
2021-01-12 13:34:24,507  INFO [main] nopCommerce:49 - Launching  browser
2021-01-12 13:34:25,466  INFO [main] nopCommerce:63 - opening URL 
2021-01-12 13:34:27,658  INFO [main] nopCommerce:69 - Entering credentials
2021-01-12 13:34:27,914  INFO [main] nopCommerce:76 - Clicked on login
2021-01-12 13:34:30,390  INFO [main] nopCommerce:87 - *********Login successfull ***************
2021-01-12 13:34:30,397  INFO [main] nopCommerce:95 - *********Logout from application***************
2021-01-12 13:34:36,992  INFO [main] nopCommerce:87 - *********Login successfull ***************
2021-01-12 13:34:36,996  INFO [main] nopCommerce:102 - *********Closing application ***************
2021-01-12 13:34:40,835  INFO [main] nopCommerce:49 - Launching  browser
2021-01-12 13:34:43,270  INFO [main] nopCommerce:63 - opening URL 
2021-01-12 13:34:45,439  INFO [main] nopCommerce:69 - Entering credentials
2021-01-12 13:34:45,688  INFO [main] nopCommerce:76 - Clicked on login
2021-01-12 13:34:47,782  INFO [main] nopCommerce:87 - *********Login successfull ***************
2021-01-12 13:34:47,786  INFO [main] nopCommerce:95 - *********Logout from application***************
2021-01-12 13:34:55,779  INFO [main] nopCommerce:87 - *********Login successfull ***************
2021-01-12 13:34:55,784  INFO [main] nopCommerce:102 - *********Closing application ***************
2021-01-12 13:34:59,613  INFO [main] nopCommerce:49 - Launching  browser
2021-01-12 13:35:01,430  INFO [main] nopCommerce:63 - opening URL 
2021-01-12 13:35:03,617  INFO [main] nopCommerce:69 - Entering credentials
2021-01-12 13:35:03,880  INFO [main] nopCommerce:76 - Clicked on login
2021-01-12 13:35:04,469  INFO [main] nopCommerce:83 - *********Login Failed ***************
2021-01-12 18:53:59,784  INFO [main] nopCommerce:49 - Launching  browser
2021-01-12 18:54:05,000  INFO [main] nopCommerce:63 - opening URL 
2021-01-12 18:54:07,202  INFO [main] nopCommerce:69 - Entering credentials
2021-01-12 18:54:07,553  INFO [main] nopCommerce:76 - Clicked on login
2021-01-12 18:54:13,940  INFO [main] nopCommerce:112 - ********* Adding Customer Scenario started  ***************
2021-01-12 18:54:13,943  INFO [main] nopCommerce:114 - ********* Dashboard Display validation ***************
2021-01-12 18:54:39,244  INFO [main] nopCommerce:149 - ********* Providing Customer details ***************
2021-01-12 18:55:00,583  INFO [main] nopCommerce:176 - ********* Add customer validation ***************
2021-01-12 18:55:00,813  INFO [main] nopCommerce:102 - *********Closing application ***************
2021-01-12 18:55:04,857  INFO [main] nopCommerce:49 - Launching  browser
2021-01-12 18:55:06,212  INFO [main] nopCommerce:63 - opening URL 
2021-01-12 18:55:08,379  INFO [main] nopCommerce:69 - Entering credentials
2021-01-12 18:55:08,602  INFO [main] nopCommerce:76 - Clicked on login
2021-01-12 18:55:12,150  INFO [main] nopCommerce:112 - ********* Adding Customer Scenario started  ***************
2021-01-12 18:55:12,150  INFO [main] nopCommerce:114 - ********* Dashboard Display validation ***************
2021-01-12 18:55:30,164  INFO [main] nopCommerce:198 - ********* Search customer by email validation ***************
2021-01-12 18:55:30,225  INFO [main] nopCommerce:102 - *********Closing application ***************
2021-01-12 18:55:34,218  INFO [main] nopCommerce:49 - Launching  browser
2021-01-12 18:55:37,806  INFO [main] nopCommerce:63 - opening URL 
2021-01-12 18:55:39,979  INFO [main] nopCommerce:69 - Entering credentials
2021-01-12 18:55:40,286  INFO [main] nopCommerce:76 - Clicked on login
2021-01-12 18:55:44,920  INFO [main] nopCommerce:112 - ********* Adding Customer Scenario started  ***************
2021-01-12 18:55:44,920  INFO [main] nopCommerce:114 - ********* Dashboard Display validation ***************
2021-01-12 18:55:56,344  INFO [main] nopCommerce:207 - ********* Search custoemr by Name Scenario started ***************
2021-01-12 18:56:01,590  INFO [main] nopCommerce:102 - *********Closing application ***************
2021-01-12 18:56:05,802  INFO [main] nopCommerce:49 - Launching  browser
2021-01-12 18:56:07,666  INFO [main] nopCommerce:63 - opening URL 
2021-01-12 18:56:09,858  INFO [main] nopCommerce:69 - Entering credentials
2021-01-12 18:56:10,227  INFO [main] nopCommerce:76 - Clicked on login
2021-01-12 18:56:13,060  INFO [main] nopCommerce:112 - ********* Adding Customer Scenario started  ***************
2021-01-12 18:56:13,061  INFO [main] nopCommerce:114 - ********* Dashboard Display validation ***************
2021-01-12 18:56:30,173  INFO [main] nopCommerce:228 - ********* Search custoemr by Last Scenario started ***************
2021-01-12 18:56:30,243  INFO [main] nopCommerce:102 - *********Closing application ***************
2021-01-12 18:56:34,332  INFO [main] nopCommerce:49 - Launching  browser
2021-01-12 18:56:35,501  INFO [main] nopCommerce:63 - opening URL 
2021-01-12 18:56:37,688  INFO [main] nopCommerce:69 - Entering credentials
2021-01-12 18:56:37,989  INFO [main] nopCommerce:76 - Clicked on login
2021-01-12 18:56:42,326  INFO [main] nopCommerce:87 - *********Login successfull ***************
2021-01-12 18:56:42,339  INFO [main] nopCommerce:95 - *********Logout from application***************
2021-01-12 18:56:49,674  INFO [main] nopCommerce:87 - *********Login successfull ***************
2021-01-12 18:56:49,678  INFO [main] nopCommerce:102 - *********Closing application ***************
2021-01-12 18:56:53,632  INFO [main] nopCommerce:49 - Launching  browser
2021-01-12 18:56:57,191  INFO [main] nopCommerce:63 - opening URL 
2021-01-12 18:56:59,370  INFO [main] nopCommerce:69 - Entering credentials
2021-01-12 18:56:59,595  INFO [main] nopCommerce:76 - Clicked on login
2021-01-12 18:57:05,041  INFO [main] nopCommerce:87 - *********Login successfull ***************
2021-01-12 18:57:05,045  INFO [main] nopCommerce:95 - *********Logout from application***************
2021-01-12 18:57:12,216  INFO [main] nopCommerce:87 - *********Login successfull ***************
2021-01-12 18:57:12,221  INFO [main] nopCommerce:102 - *********Closing application ***************
2021-01-12 18:57:16,097  INFO [main] nopCommerce:49 - Launching  browser
2021-01-12 18:57:17,188  INFO [main] nopCommerce:63 - opening URL 
2021-01-12 18:57:19,382  INFO [main] nopCommerce:69 - Entering credentials
2021-01-12 18:57:19,609  INFO [main] nopCommerce:76 - Clicked on login
2021-01-12 18:57:20,260  INFO [main] nopCommerce:83 - *********Login Failed ***************
2021-01-12 19:00:55,727  INFO [main] nopCommerce:49 - Launching  browser
2021-01-12 19:00:59,898  INFO [main] nopCommerce:63 - opening URL 
2021-01-12 19:01:02,090  INFO [main] nopCommerce:69 - Entering credentials
2021-01-12 19:01:02,390  INFO [main] nopCommerce:76 - Clicked on login
2021-01-12 19:01:07,772  INFO [main] nopCommerce:112 - ********* Adding Customer Scenario started  ***************
2021-01-12 19:01:07,775  INFO [main] nopCommerce:114 - ********* Dashboard Display validation ***************
2021-01-12 19:03:28,444  INFO [main] nopCommerce:49 - Launching  browser
2021-01-12 19:03:32,473  INFO [main] nopCommerce:63 - opening URL 
2021-01-12 19:03:34,686  INFO [main] nopCommerce:69 - Entering credentials
2021-01-12 19:03:34,939  INFO [main] nopCommerce:76 - Clicked on login
2021-01-12 19:03:41,606  INFO [main] nopCommerce:112 - ********* Adding Customer Scenario started  ***************
2021-01-12 19:03:41,610  INFO [main] nopCommerce:114 - ********* Dashboard Display validation ***************
2021-01-12 19:04:06,166  INFO [main] nopCommerce:49 - Launching  browser
2021-01-12 19:04:07,576  INFO [main] nopCommerce:63 - opening URL 
2021-01-12 19:04:09,761  INFO [main] nopCommerce:69 - Entering credentials
2021-01-12 19:04:10,068  INFO [main] nopCommerce:76 - Clicked on login
2021-01-12 19:04:16,877  INFO [main] nopCommerce:112 - ********* Adding Customer Scenario started  ***************
2021-01-12 19:04:16,878  INFO [main] nopCommerce:114 - ********* Dashboard Display validation ***************
2021-01-12 19:04:33,966  INFO [main] nopCommerce:198 - ********* Search customer by email validation ***************
2021-01-12 19:04:34,050  INFO [main] nopCommerce:102 - *********Closing application ***************
2021-01-12 19:04:37,990  INFO [main] nopCommerce:49 - Launching  browser
2021-01-12 19:04:41,406  INFO [main] nopCommerce:63 - opening URL 
2021-01-12 19:04:43,590  INFO [main] nopCommerce:69 - Entering credentials
2021-01-12 19:04:43,851  INFO [main] nopCommerce:76 - Clicked on login
2021-01-12 19:04:49,741  INFO [main] nopCommerce:112 - ********* Adding Customer Scenario started  ***************
2021-01-12 19:04:49,742  INFO [main] nopCommerce:114 - ********* Dashboard Display validation ***************
2021-01-12 19:05:01,461  INFO [main] nopCommerce:207 - ********* Search custoemr by Name Scenario started ***************
2021-01-12 19:05:06,733  INFO [main] nopCommerce:102 - *********Closing application ***************
2021-01-12 19:05:10,628  INFO [main] nopCommerce:49 - Launching  browser
2021-01-12 19:05:12,693  INFO [main] nopCommerce:63 - opening URL 
2021-01-12 19:05:14,879  INFO [main] nopCommerce:69 - Entering credentials
2021-01-12 19:05:15,144  INFO [main] nopCommerce:76 - Clicked on login
2021-01-12 19:05:19,744  INFO [main] nopCommerce:112 - ********* Adding Customer Scenario started  ***************
2021-01-12 19:05:19,745  INFO [main] nopCommerce:114 - ********* Dashboard Display validation ***************
2021-01-12 19:05:40,235  INFO [main] nopCommerce:228 - ********* Search custoemr by Last Scenario started ***************
2021-01-12 19:05:40,309  INFO [main] nopCommerce:102 - *********Closing application ***************
2021-01-12 19:05:44,252  INFO [main] nopCommerce:49 - Launching  browser
2021-01-12 19:05:47,080  INFO [main] nopCommerce:63 - opening URL 
2021-01-12 19:05:49,262  INFO [main] nopCommerce:69 - Entering credentials
2021-01-12 19:05:49,527  INFO [main] nopCommerce:76 - Clicked on login
2021-01-12 19:05:55,460  INFO [main] nopCommerce:87 - *********Login successfull ***************
2021-01-12 19:05:55,467  INFO [main] nopCommerce:95 - *********Logout from application***************
2021-01-12 19:06:02,300  INFO [main] nopCommerce:87 - *********Login successfull ***************
2021-01-12 19:06:02,306  INFO [main] nopCommerce:102 - *********Closing application ***************
2021-01-12 19:06:06,435  INFO [main] nopCommerce:49 - Launching  browser
2021-01-12 19:06:07,631  INFO [main] nopCommerce:63 - opening URL 
2021-01-12 19:06:09,812  INFO [main] nopCommerce:69 - Entering credentials
2021-01-12 19:06:10,060  INFO [main] nopCommerce:76 - Clicked on login
2021-01-12 19:06:12,730  INFO [main] nopCommerce:87 - *********Login successfull ***************
2021-01-12 19:06:12,742  INFO [main] nopCommerce:95 - *********Logout from application***************
2021-01-12 19:06:19,660  INFO [main] nopCommerce:87 - *********Login successfull ***************
2021-01-12 19:06:19,667  INFO [main] nopCommerce:102 - *********Closing application ***************
2021-01-12 19:06:23,462  INFO [main] nopCommerce:49 - Launching  browser
2021-01-12 19:06:24,655  INFO [main] nopCommerce:63 - opening URL 
2021-01-12 19:06:26,839  INFO [main] nopCommerce:69 - Entering credentials
2021-01-12 19:06:27,067  INFO [main] nopCommerce:76 - Clicked on login
2021-01-12 19:06:27,741  INFO [main] nopCommerce:83 - *********Login Failed ***************
2021-01-12 19:09:30,523  INFO [main] nopCommerce:49 - Launching  browser
2021-01-12 19:09:33,957  INFO [main] nopCommerce:63 - opening URL 
2021-01-12 19:09:36,153  INFO [main] nopCommerce:69 - Entering credentials
2021-01-12 19:09:36,381  INFO [main] nopCommerce:76 - Clicked on login
2021-01-12 19:09:41,344  INFO [main] nopCommerce:112 - ********* Adding Customer Scenario started  ***************
2021-01-12 19:09:41,345  INFO [main] nopCommerce:114 - ********* Dashboard Display validation ***************
2021-01-12 19:10:03,634  INFO [main] nopCommerce:149 - ********* Providing Customer details ***************
2021-01-12 19:10:22,923  INFO [main] nopCommerce:49 - Launching  browser
2021-01-12 19:10:24,261  INFO [main] nopCommerce:63 - opening URL 
2021-01-12 19:10:26,442  INFO [main] nopCommerce:69 - Entering credentials
2021-01-12 19:10:26,722  INFO [main] nopCommerce:76 - Clicked on login
2021-01-12 19:10:26,968  INFO [main] nopCommerce:49 - Launching  browser
2021-01-12 19:10:28,624  INFO [main] nopCommerce:63 - opening URL 
2021-01-12 19:10:30,907  INFO [main] nopCommerce:69 - Entering credentials
2021-01-12 19:10:31,343  INFO [main] nopCommerce:76 - Clicked on login
2021-01-12 19:10:32,194  INFO [main] nopCommerce:112 - ********* Adding Customer Scenario started  ***************
2021-01-12 19:10:32,196  INFO [main] nopCommerce:114 - ********* Dashboard Display validation ***************
2021-01-12 19:10:35,836  INFO [main] nopCommerce:112 - ********* Adding Customer Scenario started  ***************
2021-01-12 19:10:35,838  INFO [main] nopCommerce:114 - ********* Dashboard Display validation ***************
2021-01-12 19:10:49,403  INFO [main] nopCommerce:198 - ********* Search customer by email validation ***************
2021-01-12 19:10:49,483  INFO [main] nopCommerce:102 - *********Closing application ***************
2021-01-12 19:10:53,588  INFO [main] nopCommerce:49 - Launching  browser
2021-01-12 19:11:01,342  INFO [main] nopCommerce:149 - ********* Providing Customer details ***************
2021-01-12 19:11:16,311  INFO [main] nopCommerce:176 - ********* Add customer validation ***************
2021-01-12 19:11:19,800  INFO [main] nopCommerce:49 - Launching  browser
2021-01-12 19:11:23,459  INFO [main] nopCommerce:63 - opening URL 
2021-01-12 19:11:25,643  INFO [main] nopCommerce:69 - Entering credentials
2021-01-12 19:11:25,935  INFO [main] nopCommerce:76 - Clicked on login
2021-01-12 19:11:33,025  INFO [main] nopCommerce:112 - ********* Adding Customer Scenario started  ***************
2021-01-12 19:11:33,026  INFO [main] nopCommerce:114 - ********* Dashboard Display validation ***************
2021-01-12 19:11:58,850  INFO [main] nopCommerce:49 - Launching  browser
2021-01-12 19:11:59,320  INFO [main] nopCommerce:49 - Launching  browser
2021-01-12 19:12:00,266  INFO [main] nopCommerce:63 - opening URL 
2021-01-12 19:12:00,702  INFO [main] nopCommerce:63 - opening URL 
2021-01-12 19:12:02,486  INFO [main] nopCommerce:69 - Entering credentials
2021-01-12 19:12:02,876  INFO [main] nopCommerce:76 - Clicked on login
2021-01-12 19:12:02,887  INFO [main] nopCommerce:69 - Entering credentials
2021-01-12 19:12:03,268  INFO [main] nopCommerce:76 - Clicked on login
2021-01-12 19:12:06,137  INFO [main] nopCommerce:112 - ********* Adding Customer Scenario started  ***************
2021-01-12 19:12:06,138  INFO [main] nopCommerce:114 - ********* Dashboard Display validation ***************
2021-01-12 19:12:10,057  INFO [main] nopCommerce:112 - ********* Adding Customer Scenario started  ***************
2021-01-12 19:12:10,060  INFO [main] nopCommerce:114 - ********* Dashboard Display validation ***************
2021-01-12 19:12:29,813  INFO [main] nopCommerce:149 - ********* Providing Customer details ***************
2021-01-12 19:12:48,237  INFO [main] nopCommerce:176 - ********* Add customer validation ***************
2021-01-12 19:12:48,442  INFO [main] nopCommerce:102 - *********Closing application ***************
2021-01-12 19:12:52,800  INFO [main] nopCommerce:49 - Launching  browser
2021-01-12 19:12:55,820  INFO [main] nopCommerce:63 - opening URL 
2021-01-12 19:12:58,025  INFO [main] nopCommerce:69 - Entering credentials
2021-01-12 19:12:58,342  INFO [main] nopCommerce:76 - Clicked on login
2021-01-12 19:13:01,121  INFO [main] nopCommerce:112 - ********* Adding Customer Scenario started  ***************
2021-01-12 19:13:01,122  INFO [main] nopCommerce:114 - ********* Dashboard Display validation ***************
2021-01-12 19:13:18,249  INFO [main] nopCommerce:198 - ********* Search customer by email validation ***************
2021-01-12 19:13:18,312  INFO [main] nopCommerce:102 - *********Closing application ***************
2021-01-12 19:13:22,212  INFO [main] nopCommerce:49 - Launching  browser
2021-01-12 19:13:23,391  INFO [main] nopCommerce:63 - opening URL 
2021-01-12 19:13:25,572  INFO [main] nopCommerce:69 - Entering credentials
2021-01-12 19:13:25,822  INFO [main] nopCommerce:76 - Clicked on login
2021-01-12 19:13:28,478  INFO [main] nopCommerce:112 - ********* Adding Customer Scenario started  ***************
2021-01-12 19:13:28,478  INFO [main] nopCommerce:114 - ********* Dashboard Display validation ***************
2021-01-12 19:13:40,196  INFO [main] nopCommerce:207 - ********* Search custoemr by Name Scenario started ***************
2021-01-12 19:13:45,511  INFO [main] nopCommerce:102 - *********Closing application ***************
2021-01-12 19:13:49,415  INFO [main] nopCommerce:49 - Launching  browser
2021-01-12 19:13:50,446  INFO [main] nopCommerce:63 - opening URL 
2021-01-12 19:13:52,630  INFO [main] nopCommerce:69 - Entering credentials
2021-01-12 19:13:52,873  INFO [main] nopCommerce:76 - Clicked on login
2021-01-12 19:13:55,958  INFO [main] nopCommerce:112 - ********* Adding Customer Scenario started  ***************
2021-01-12 19:13:55,958  INFO [main] nopCommerce:114 - ********* Dashboard Display validation ***************
2021-01-12 19:14:12,845  INFO [main] nopCommerce:228 - ********* Search custoemr by Last Scenario started ***************
2021-01-12 19:14:12,928  INFO [main] nopCommerce:102 - *********Closing application ***************
2021-01-12 19:14:16,714  INFO [main] nopCommerce:49 - Launching  browser
2021-01-12 19:14:20,594  INFO [main] nopCommerce:63 - opening URL 
2021-01-12 19:14:22,805  INFO [main] nopCommerce:69 - Entering credentials
2021-01-12 19:14:23,081  INFO [main] nopCommerce:76 - Clicked on login
2021-01-12 19:14:31,406  INFO [main] nopCommerce:87 - *********Login successfull ***************
2021-01-12 19:14:31,414  INFO [main] nopCommerce:95 - *********Logout from application***************
2021-01-12 19:14:39,685  INFO [main] nopCommerce:87 - *********Login successfull ***************
2021-01-12 19:14:39,693  INFO [main] nopCommerce:102 - *********Closing application ***************
2021-01-12 19:14:43,537  INFO [main] nopCommerce:49 - Launching  browser
2021-01-12 19:14:46,896  INFO [main] nopCommerce:63 - opening URL 
2021-01-12 19:14:49,083  INFO [main] nopCommerce:69 - Entering credentials
2021-01-12 19:14:49,312  INFO [main] nopCommerce:76 - Clicked on login
2021-01-12 19:14:56,082  INFO [main] nopCommerce:87 - *********Login successfull ***************
2021-01-12 19:14:56,087  INFO [main] nopCommerce:95 - *********Logout from application***************
2021-01-12 19:15:05,028  INFO [main] nopCommerce:87 - *********Login successfull ***************
2021-01-12 19:15:05,034  INFO [main] nopCommerce:102 - *********Closing application ***************
2021-01-12 19:15:08,939  INFO [main] nopCommerce:49 - Launching  browser
2021-01-12 19:15:10,224  INFO [main] nopCommerce:63 - opening URL 
2021-01-12 19:15:12,402  INFO [main] nopCommerce:69 - Entering credentials
2021-01-12 19:15:12,668  INFO [main] nopCommerce:76 - Clicked on login
2021-01-12 19:15:13,366  INFO [main] nopCommerce:83 - *********Login Failed ***************
2021-01-13 12:00:33,630  INFO [main] nopCommerce:49 - Launching  browser
2021-01-13 12:00:37,004  INFO [main] nopCommerce:63 - opening URL 
2021-01-13 12:00:39,205  INFO [main] nopCommerce:69 - Entering credentials
2021-01-13 12:00:39,487  INFO [main] nopCommerce:76 - Clicked on login
2021-01-13 12:00:44,785  INFO [main] nopCommerce:112 - ********* Adding Customer Scenario started  ***************
2021-01-13 12:00:44,789  INFO [main] nopCommerce:114 - ********* Dashboard Display validation ***************
2021-01-13 12:57:19,561  INFO [main] nopCommerce:49 - Launching  browser
2021-01-13 12:57:23,248  INFO [main] nopCommerce:63 - opening URL 
2021-01-13 12:57:25,462  INFO [main] nopCommerce:69 - Entering credentials
2021-01-13 12:57:25,794  INFO [main] nopCommerce:76 - Clicked on login
2021-01-13 12:57:30,359  INFO [main] nopCommerce:112 - ********* Adding Customer Scenario started  ***************
2021-01-13 12:57:30,361  INFO [main] nopCommerce:114 - ********* Dashboard Display validation ***************
2021-01-13 12:57:54,110  INFO [main] nopCommerce:149 - ********* Providing Customer details ***************
2021-01-13 13:09:41,162  INFO [main] nopCommerce:49 - Launching  browser
2021-01-13 13:09:44,765  INFO [main] nopCommerce:63 - opening URL 
2021-01-13 13:09:46,971  INFO [main] nopCommerce:69 - Entering credentials
2021-01-13 13:09:47,387  INFO [main] nopCommerce:76 - Clicked on login
2021-01-13 13:09:52,794  INFO [main] nopCommerce:112 - ********* Adding Customer Scenario started  ***************
2021-01-13 13:09:52,812  INFO [main] nopCommerce:114 - ********* Dashboard Display validation ***************
2021-01-13 13:10:14,455  INFO [main] nopCommerce:149 - ********* Providing Customer details ***************
2021-01-13 13:10:33,801  INFO [main] nopCommerce:176 - ********* Add customer validation ***************
2021-01-13 13:10:33,983  INFO [main] nopCommerce:102 - *********Closing application ***************
2021-01-13 13:10:37,878  INFO [main] nopCommerce:49 - Launching  browser
2021-01-13 13:10:40,816  INFO [main] nopCommerce:63 - opening URL 
2021-01-13 13:10:42,985  INFO [main] nopCommerce:69 - Entering credentials
2021-01-13 13:10:43,211  INFO [main] nopCommerce:76 - Clicked on login
2021-01-13 13:10:47,693  INFO [main] nopCommerce:112 - ********* Adding Customer Scenario started  ***************
2021-01-13 13:10:47,693  INFO [main] nopCommerce:114 - ********* Dashboard Display validation ***************
2021-01-13 13:11:04,522  INFO [main] nopCommerce:198 - ********* Search customer by email validation ***************
2021-01-13 13:11:04,604  INFO [main] nopCommerce:102 - *********Closing application ***************
2021-01-13 13:11:08,473  INFO [main] nopCommerce:49 - Launching  browser
2021-01-13 13:11:09,392  INFO [main] nopCommerce:63 - opening URL 
2021-01-13 13:11:11,572  INFO [main] nopCommerce:69 - Entering credentials
2021-01-13 13:11:11,815  INFO [main] nopCommerce:76 - Clicked on login
2021-01-13 13:11:13,960  INFO [main] nopCommerce:112 - ********* Adding Customer Scenario started  ***************
2021-01-13 13:11:13,960  INFO [main] nopCommerce:114 - ********* Dashboard Display validation ***************
2021-01-13 13:11:25,690  INFO [main] nopCommerce:207 - ********* Search custoemr by Name Scenario started ***************
2021-01-13 13:11:30,992  INFO [main] nopCommerce:102 - *********Closing application ***************
2021-01-13 13:11:34,914  INFO [main] nopCommerce:49 - Launching  browser
2021-01-13 13:11:37,884  INFO [main] nopCommerce:63 - opening URL 
2021-01-13 13:11:40,069  INFO [main] nopCommerce:69 - Entering credentials
2021-01-13 13:11:40,373  INFO [main] nopCommerce:76 - Clicked on login
2021-01-13 13:11:45,681  INFO [main] nopCommerce:112 - ********* Adding Customer Scenario started  ***************
2021-01-13 13:11:45,681  INFO [main] nopCommerce:114 - ********* Dashboard Display validation ***************
2021-01-13 13:12:02,274  INFO [main] nopCommerce:228 - ********* Search custoemr by Last Scenario started ***************
2021-01-13 13:12:02,341  INFO [main] nopCommerce:102 - *********Closing application ***************
2021-01-13 13:12:06,251  INFO [main] nopCommerce:49 - Launching  browser
2021-01-13 13:12:07,241  INFO [main] nopCommerce:63 - opening URL 
2021-01-13 13:12:09,429  INFO [main] nopCommerce:69 - Entering credentials
2021-01-13 13:12:09,696  INFO [main] nopCommerce:76 - Clicked on login
2021-01-13 13:12:11,960  INFO [main] nopCommerce:87 - *********Login successfull ***************
2021-01-13 13:12:11,967  INFO [main] nopCommerce:95 - *********Logout from application***************
2021-01-13 13:12:18,632  INFO [main] nopCommerce:87 - *********Login successfull ***************
2021-01-13 13:12:18,636  INFO [main] nopCommerce:102 - *********Closing application ***************
2021-01-13 13:12:22,423  INFO [main] nopCommerce:49 - Launching  browser
2021-01-13 13:12:25,872  INFO [main] nopCommerce:63 - opening URL 
2021-01-13 13:12:28,052  INFO [main] nopCommerce:69 - Entering credentials
2021-01-13 13:12:28,331  INFO [main] nopCommerce:76 - Clicked on login
2021-01-13 13:12:32,700  INFO [main] nopCommerce:87 - *********Login successfull ***************
2021-01-13 13:12:32,704  INFO [main] nopCommerce:95 - *********Logout from application***************
2021-01-13 13:12:40,228  INFO [main] nopCommerce:87 - *********Login successfull ***************
2021-01-13 13:12:40,234  INFO [main] nopCommerce:102 - *********Closing application ***************
2021-01-13 13:12:44,107  INFO [main] nopCommerce:49 - Launching  browser
2021-01-13 13:12:46,026  INFO [main] nopCommerce:63 - opening URL 
2021-01-13 13:12:48,219  INFO [main] nopCommerce:69 - Entering credentials
2021-01-13 13:12:48,461  INFO [main] nopCommerce:76 - Clicked on login
2021-01-13 13:12:48,956  INFO [main] nopCommerce:83 - *********Login Failed ***************
2021-01-13 13:13:35,982  INFO [main] nopCommerce:49 - Launching  browser
2021-01-13 13:13:37,041  INFO [main] nopCommerce:63 - opening URL 
2021-01-13 13:13:39,209  INFO [main] nopCommerce:69 - Entering credentials
2021-01-13 13:13:39,457  INFO [main] nopCommerce:76 - Clicked on login
2021-01-13 13:13:44,646  INFO [main] nopCommerce:112 - ********* Adding Customer Scenario started  ***************
2021-01-13 13:13:44,647  INFO [main] nopCommerce:114 - ********* Dashboard Display validation ***************
2021-01-13 13:14:06,578  INFO [main] nopCommerce:149 - ********* Providing Customer details ***************
2021-01-13 13:14:23,348  INFO [main] nopCommerce:176 - ********* Add customer validation ***************
2021-01-13 13:14:23,516  INFO [main] nopCommerce:102 - *********Closing application ***************
2021-01-13 13:14:27,385  INFO [main] nopCommerce:49 - Launching  browser
2021-01-13 13:14:28,495  INFO [main] nopCommerce:63 - opening URL 
2021-01-13 13:14:30,682  INFO [main] nopCommerce:69 - Entering credentials
2021-01-13 13:14:30,950  INFO [main] nopCommerce:76 - Clicked on login
2021-01-13 13:14:33,331  INFO [main] nopCommerce:87 - *********Login successfull ***************
2021-01-13 13:14:33,341  INFO [main] nopCommerce:95 - *********Logout from application***************
2021-01-13 13:14:39,983  INFO [main] nopCommerce:87 - *********Login successfull ***************
2021-01-13 13:14:39,995  INFO [main] nopCommerce:102 - *********Closing application ***************
2021-01-13 13:28:06,114  INFO [main] nopCommerce:49 - Launching  browser
2021-01-13 13:28:09,702  INFO [main] nopCommerce:63 - opening URL 
2021-01-13 13:28:11,926  INFO [main] nopCommerce:69 - Entering credentials
2021-01-13 13:28:12,192  INFO [main] nopCommerce:76 - Clicked on login
2021-01-13 13:28:16,594  INFO [main] nopCommerce:112 - ********* Adding Customer Scenario started  ***************
2021-01-13 13:28:16,596  INFO [main] nopCommerce:114 - ********* Dashboard Display validation ***************
2021-01-13 13:28:37,321  INFO [main] nopCommerce:149 - ********* Providing Customer details ***************
2021-01-13 13:28:57,215  INFO [main] nopCommerce:176 - ********* Add customer validation ***************
2021-01-13 13:28:57,455  INFO [main] nopCommerce:102 - *********Closing application ***************
2021-01-13 13:29:01,352  INFO [main] nopCommerce:49 - Launching  browser
2021-01-13 13:29:05,406  INFO [main] nopCommerce:63 - opening URL 
2021-01-13 13:29:07,589  INFO [main] nopCommerce:69 - Entering credentials
2021-01-13 13:29:07,858  INFO [main] nopCommerce:76 - Clicked on login
2021-01-13 13:29:13,194  INFO [main] nopCommerce:87 - *********Login successfull ***************
2021-01-13 13:29:13,208  INFO [main] nopCommerce:95 - *********Logout from application***************
2021-01-13 13:29:20,799  INFO [main] nopCommerce:87 - *********Login successfull ***************
2021-01-13 13:29:20,807  INFO [main] nopCommerce:102 - *********Closing application ***************
